nohup: ignoring input
c_dcgan_celeba.py:135: UserWarning: volatile was removed and now has no effect. Use `with torch.no_grad():` instead.
  fixed_z_, fixed_y_label = Variable(fixed_z_.cuda(), volatile = True), Variable(fixed_y_label.cuda(), volatile=True)
/home/xchen/anaconda3/lib/python3.7/site-packages/torch/nn/functional.py:1351: UserWarning: nn.functional.sigmoid is deprecated. Use torch.sigmoid instead.
  warnings.warn("nn.functional.sigmoid is deprecated. Use torch.sigmoid instead.")
/home/xchen/anaconda3/lib/python3.7/site-packages/torch/nn/functional.py:1340: UserWarning: nn.functional.tanh is deprecated. Use torch.tanh instead.
  warnings.warn("nn.functional.tanh is deprecated. Use torch.tanh instead.")
training start!
1 - 100 complete!
1 - 200 complete!
1 - 300 complete!
1 - 400 complete!
1 - 500 complete!
1 - 600 complete!
1 - 700 complete!
1 - 800 complete!
1 - 900 complete!
1 - 1000 complete!
1 - 1100 complete!
1 - 1200 complete!
1 - 1300 complete!
1 - 1400 complete!
1 - 1500 complete!
[1/100] -  loss_d: 0.133, loss_g: 5.153ptime:Thu Jan  1 09:23:30 1970
2 - 100 complete!
2 - 200 complete!
2 - 300 complete!
2 - 400 complete!
2 - 500 complete!
2 - 600 complete!
2 - 700 complete!
2 - 800 complete!
2 - 900 complete!
2 - 1000 complete!
2 - 1100 complete!
2 - 1200 complete!
2 - 1300 complete!
2 - 1400 complete!
2 - 1500 complete!
[2/100] -  loss_d: 0.447, loss_g: 4.157ptime:Thu Jan  1 09:23:47 1970
3 - 100 complete!
3 - 200 complete!
3 - 300 complete!
3 - 400 complete!
3 - 500 complete!
3 - 600 complete!
3 - 700 complete!
3 - 800 complete!
3 - 900 complete!
3 - 1000 complete!
3 - 1100 complete!
3 - 1200 complete!
3 - 1300 complete!
3 - 1400 complete!
3 - 1500 complete!
[3/100] -  loss_d: 0.521, loss_g: 3.951ptime:Thu Jan  1 09:23:46 1970
4 - 100 complete!
4 - 200 complete!
4 - 300 complete!
4 - 400 complete!
4 - 500 complete!
4 - 600 complete!
4 - 700 complete!
4 - 800 complete!
4 - 900 complete!
4 - 1000 complete!
4 - 1100 complete!
4 - 1200 complete!
4 - 1300 complete!
4 - 1400 complete!
4 - 1500 complete!
[4/100] -  loss_d: 0.713, loss_g: 3.072ptime:Thu Jan  1 09:23:51 1970
5 - 100 complete!
5 - 200 complete!
5 - 300 complete!
5 - 400 complete!
5 - 500 complete!
5 - 600 complete!
5 - 700 complete!
5 - 800 complete!
5 - 900 complete!
5 - 1000 complete!
5 - 1100 complete!
5 - 1200 complete!
5 - 1300 complete!
5 - 1400 complete!
5 - 1500 complete!
[5/100] -  loss_d: 0.793, loss_g: 2.746ptime:Thu Jan  1 09:23:50 1970
6 - 100 complete!
6 - 200 complete!
6 - 300 complete!
6 - 400 complete!
6 - 500 complete!
6 - 600 complete!
6 - 700 complete!
6 - 800 complete!
6 - 900 complete!
6 - 1000 complete!
6 - 1100 complete!
6 - 1200 complete!
6 - 1300 complete!
6 - 1400 complete!
6 - 1500 complete!
[6/100] -  loss_d: 0.790, loss_g: 2.695ptime:Thu Jan  1 09:23:53 1970
7 - 100 complete!
7 - 200 complete!
7 - 300 complete!
7 - 400 complete!
7 - 500 complete!
7 - 600 complete!
7 - 700 complete!
7 - 800 complete!
7 - 900 complete!
7 - 1000 complete!
7 - 1100 complete!
7 - 1200 complete!
7 - 1300 complete!
7 - 1400 complete!
7 - 1500 complete!
[7/100] -  loss_d: 0.760, loss_g: 2.608ptime:Thu Jan  1 09:23:55 1970
8 - 100 complete!
8 - 200 complete!
8 - 300 complete!
8 - 400 complete!
8 - 500 complete!
8 - 600 complete!
8 - 700 complete!
8 - 800 complete!
8 - 900 complete!
8 - 1000 complete!
8 - 1100 complete!
8 - 1200 complete!
8 - 1300 complete!
8 - 1400 complete!
8 - 1500 complete!
[8/100] -  loss_d: 0.738, loss_g: 2.559ptime:Thu Jan  1 09:23:54 1970
9 - 100 complete!
9 - 200 complete!
9 - 300 complete!
9 - 400 complete!
9 - 500 complete!
9 - 600 complete!
9 - 700 complete!
9 - 800 complete!
9 - 900 complete!
9 - 1000 complete!
9 - 1100 complete!
9 - 1200 complete!
9 - 1300 complete!
9 - 1400 complete!
9 - 1500 complete!
[9/100] -  loss_d: 0.728, loss_g: 2.670ptime:Thu Jan  1 09:26:04 1970
10 - 100 complete!
10 - 200 complete!
10 - 300 complete!
10 - 400 complete!
10 - 500 complete!
10 - 600 complete!
10 - 700 complete!
10 - 800 complete!
10 - 900 complete!
10 - 1000 complete!
10 - 1100 complete!
10 - 1200 complete!
10 - 1300 complete!
10 - 1400 complete!
10 - 1500 complete!
[10/100] -  loss_d: 0.685, loss_g: 2.703ptime:Thu Jan  1 09:28:41 1970
learning rate change!
11 - 100 complete!
11 - 200 complete!
11 - 300 complete!
11 - 400 complete!
11 - 500 complete!
11 - 600 complete!
11 - 700 complete!
11 - 800 complete!
11 - 900 complete!
11 - 1000 complete!
11 - 1100 complete!
11 - 1200 complete!
11 - 1300 complete!
11 - 1400 complete!
11 - 1500 complete!
[11/100] -  loss_d: 0.619, loss_g: 2.650ptime:Thu Jan  1 09:28:38 1970
12 - 100 complete!
12 - 200 complete!
12 - 300 complete!
12 - 400 complete!
12 - 500 complete!
12 - 600 complete!
12 - 700 complete!
12 - 800 complete!
12 - 900 complete!
12 - 1000 complete!
12 - 1100 complete!
12 - 1200 complete!
12 - 1300 complete!
12 - 1400 complete!
12 - 1500 complete!
[12/100] -  loss_d: 0.602, loss_g: 2.573ptime:Thu Jan  1 09:24:25 1970
13 - 100 complete!
13 - 200 complete!
13 - 300 complete!
13 - 400 complete!
13 - 500 complete!
13 - 600 complete!
13 - 700 complete!
13 - 800 complete!
13 - 900 complete!
13 - 1000 complete!
13 - 1100 complete!
13 - 1200 complete!
13 - 1300 complete!
13 - 1400 complete!
13 - 1500 complete!
[13/100] -  loss_d: 0.581, loss_g: 2.543ptime:Thu Jan  1 09:23:33 1970
14 - 100 complete!
14 - 200 complete!
14 - 300 complete!
14 - 400 complete!
14 - 500 complete!
14 - 600 complete!
14 - 700 complete!
14 - 800 complete!
14 - 900 complete!
14 - 1000 complete!
14 - 1100 complete!
14 - 1200 complete!
14 - 1300 complete!
14 - 1400 complete!
14 - 1500 complete!
[14/100] -  loss_d: 0.595, loss_g: 2.605ptime:Thu Jan  1 09:23:30 1970
15 - 100 complete!
15 - 200 complete!
15 - 300 complete!
15 - 400 complete!
15 - 500 complete!
15 - 600 complete!
15 - 700 complete!
15 - 800 complete!
15 - 900 complete!
15 - 1000 complete!
15 - 1100 complete!
15 - 1200 complete!
15 - 1300 complete!
15 - 1400 complete!
15 - 1500 complete!
[15/100] -  loss_d: 0.567, loss_g: 2.543ptime:Thu Jan  1 09:23:43 1970
learning rate change!
16 - 100 complete!
16 - 200 complete!
16 - 300 complete!
16 - 400 complete!
16 - 500 complete!
16 - 600 complete!
16 - 700 complete!
16 - 800 complete!
16 - 900 complete!
16 - 1000 complete!
16 - 1100 complete!
16 - 1200 complete!
16 - 1300 complete!
16 - 1400 complete!
16 - 1500 complete!
[16/100] -  loss_d: 0.537, loss_g: 2.683ptime:Thu Jan  1 09:27:43 1970
17 - 100 complete!
17 - 200 complete!
17 - 300 complete!
17 - 400 complete!
17 - 500 complete!
17 - 600 complete!
17 - 700 complete!
17 - 800 complete!
17 - 900 complete!
17 - 1000 complete!
17 - 1100 complete!
17 - 1200 complete!
17 - 1300 complete!
17 - 1400 complete!
17 - 1500 complete!
[17/100] -  loss_d: 0.571, loss_g: 2.567ptime:Thu Jan  1 09:28:34 1970
18 - 100 complete!
18 - 200 complete!
18 - 300 complete!
18 - 400 complete!
18 - 500 complete!
18 - 600 complete!
18 - 700 complete!
18 - 800 complete!
18 - 900 complete!
18 - 1000 complete!
18 - 1100 complete!
18 - 1200 complete!
18 - 1300 complete!
18 - 1400 complete!
18 - 1500 complete!
[18/100] -  loss_d: 0.581, loss_g: 2.560ptime:Thu Jan  1 09:27:23 1970
19 - 100 complete!
19 - 200 complete!
19 - 300 complete!
19 - 400 complete!
19 - 500 complete!
19 - 600 complete!
19 - 700 complete!
19 - 800 complete!
19 - 900 complete!
19 - 1000 complete!
19 - 1100 complete!
19 - 1200 complete!
19 - 1300 complete!
19 - 1400 complete!
19 - 1500 complete!
[19/100] -  loss_d: 0.549, loss_g: 2.569ptime:Thu Jan  1 09:25:46 1970
20 - 100 complete!
20 - 200 complete!
20 - 300 complete!
20 - 400 complete!
20 - 500 complete!
20 - 600 complete!
20 - 700 complete!
20 - 800 complete!
20 - 900 complete!
20 - 1000 complete!
20 - 1100 complete!
20 - 1200 complete!
20 - 1300 complete!
20 - 1400 complete!
20 - 1500 complete!
[20/100] -  loss_d: 0.575, loss_g: 2.623ptime:Thu Jan  1 09:25:52 1970
21 - 100 complete!
21 - 200 complete!
21 - 300 complete!
21 - 400 complete!
21 - 500 complete!
21 - 600 complete!
21 - 700 complete!
21 - 800 complete!
21 - 900 complete!
21 - 1000 complete!
21 - 1100 complete!
21 - 1200 complete!
21 - 1300 complete!
21 - 1400 complete!
21 - 1500 complete!
[21/100] -  loss_d: 0.525, loss_g: 2.664ptime:Thu Jan  1 09:25:46 1970
22 - 100 complete!
22 - 200 complete!
22 - 300 complete!
22 - 400 complete!
22 - 500 complete!
22 - 600 complete!
22 - 700 complete!
22 - 800 complete!
22 - 900 complete!
22 - 1000 complete!
22 - 1100 complete!
22 - 1200 complete!
22 - 1300 complete!
22 - 1400 complete!
22 - 1500 complete!
[22/100] -  loss_d: 0.570, loss_g: 2.623ptime:Thu Jan  1 09:25:44 1970
23 - 100 complete!
23 - 200 complete!
23 - 300 complete!
23 - 400 complete!
23 - 500 complete!
23 - 600 complete!
23 - 700 complete!
23 - 800 complete!
23 - 900 complete!
23 - 1000 complete!
23 - 1100 complete!
23 - 1200 complete!
23 - 1300 complete!
23 - 1400 complete!
23 - 1500 complete!
[23/100] -  loss_d: 0.576, loss_g: 2.523ptime:Thu Jan  1 09:25:41 1970
24 - 100 complete!
24 - 200 complete!
24 - 300 complete!
24 - 400 complete!
24 - 500 complete!
24 - 600 complete!
24 - 700 complete!
24 - 800 complete!
24 - 900 complete!
24 - 1000 complete!
24 - 1100 complete!
24 - 1200 complete!
24 - 1300 complete!
24 - 1400 complete!
24 - 1500 complete!
[24/100] -  loss_d: 0.571, loss_g: 2.528ptime:Thu Jan  1 09:25:44 1970
25 - 100 complete!
25 - 200 complete!
25 - 300 complete!
25 - 400 complete!
25 - 500 complete!
25 - 600 complete!
25 - 700 complete!
25 - 800 complete!
25 - 900 complete!
25 - 1000 complete!
25 - 1100 complete!
25 - 1200 complete!
25 - 1300 complete!
25 - 1400 complete!
25 - 1500 complete!
[25/100] -  loss_d: 0.548, loss_g: 2.506ptime:Thu Jan  1 09:25:40 1970
26 - 100 complete!
26 - 200 complete!
26 - 300 complete!
26 - 400 complete!
26 - 500 complete!
26 - 600 complete!
26 - 700 complete!
26 - 800 complete!
26 - 900 complete!
26 - 1000 complete!
26 - 1100 complete!
26 - 1200 complete!
26 - 1300 complete!
26 - 1400 complete!
26 - 1500 complete!
[26/100] -  loss_d: 0.548, loss_g: 2.532ptime:Thu Jan  1 09:25:53 1970
27 - 100 complete!
27 - 200 complete!
27 - 300 complete!
27 - 400 complete!
27 - 500 complete!
27 - 600 complete!
27 - 700 complete!
27 - 800 complete!
27 - 900 complete!
27 - 1000 complete!
27 - 1100 complete!
27 - 1200 complete!
27 - 1300 complete!
27 - 1400 complete!
27 - 1500 complete!
[27/100] -  loss_d: 0.532, loss_g: 2.479ptime:Thu Jan  1 09:25:53 1970
28 - 100 complete!
28 - 200 complete!
28 - 300 complete!
28 - 400 complete!
28 - 500 complete!
28 - 600 complete!
28 - 700 complete!
28 - 800 complete!
28 - 900 complete!
28 - 1000 complete!
28 - 1100 complete!
28 - 1200 complete!
28 - 1300 complete!
28 - 1400 complete!
28 - 1500 complete!
[28/100] -  loss_d: 0.524, loss_g: 2.673ptime:Thu Jan  1 09:26:01 1970
29 - 100 complete!
29 - 200 complete!
29 - 300 complete!
29 - 400 complete!
29 - 500 complete!
29 - 600 complete!
29 - 700 complete!
29 - 800 complete!
29 - 900 complete!
29 - 1000 complete!
29 - 1100 complete!
29 - 1200 complete!
29 - 1300 complete!
29 - 1400 complete!
29 - 1500 complete!
[29/100] -  loss_d: 0.535, loss_g: 2.661ptime:Thu Jan  1 09:25:57 1970
30 - 100 complete!
30 - 200 complete!
30 - 300 complete!
30 - 400 complete!
30 - 500 complete!
30 - 600 complete!
30 - 700 complete!
30 - 800 complete!
30 - 900 complete!
30 - 1000 complete!
30 - 1100 complete!
30 - 1200 complete!
30 - 1300 complete!
30 - 1400 complete!
30 - 1500 complete!
[30/100] -  loss_d: 0.533, loss_g: 2.471ptime:Thu Jan  1 09:25:53 1970
31 - 100 complete!
31 - 200 complete!
31 - 300 complete!
31 - 400 complete!
31 - 500 complete!
31 - 600 complete!
31 - 700 complete!
31 - 800 complete!
31 - 900 complete!
31 - 1000 complete!
31 - 1100 complete!
31 - 1200 complete!
31 - 1300 complete!
31 - 1400 complete!
31 - 1500 complete!
[31/100] -  loss_d: 0.544, loss_g: 2.594ptime:Thu Jan  1 09:25:51 1970
32 - 100 complete!
32 - 200 complete!
32 - 300 complete!
32 - 400 complete!
32 - 500 complete!
32 - 600 complete!
32 - 700 complete!
32 - 800 complete!
32 - 900 complete!
32 - 1000 complete!
32 - 1100 complete!
32 - 1200 complete!
32 - 1300 complete!
32 - 1400 complete!
32 - 1500 complete!
[32/100] -  loss_d: 0.530, loss_g: 2.550ptime:Thu Jan  1 09:25:50 1970
33 - 100 complete!
33 - 200 complete!
33 - 300 complete!
33 - 400 complete!
33 - 500 complete!
33 - 600 complete!
33 - 700 complete!
33 - 800 complete!
33 - 900 complete!
33 - 1000 complete!
33 - 1100 complete!
33 - 1200 complete!
33 - 1300 complete!
33 - 1400 complete!
33 - 1500 complete!
[33/100] -  loss_d: 0.551, loss_g: 2.513ptime:Thu Jan  1 09:25:50 1970
34 - 100 complete!
34 - 200 complete!
34 - 300 complete!
34 - 400 complete!
34 - 500 complete!
34 - 600 complete!
34 - 700 complete!
34 - 800 complete!
34 - 900 complete!
34 - 1000 complete!
34 - 1100 complete!
34 - 1200 complete!
34 - 1300 complete!
34 - 1400 complete!
34 - 1500 complete!
[34/100] -  loss_d: 0.577, loss_g: 2.671ptime:Thu Jan  1 09:25:52 1970
35 - 100 complete!
35 - 200 complete!
35 - 300 complete!
35 - 400 complete!
35 - 500 complete!
35 - 600 complete!
35 - 700 complete!
35 - 800 complete!
35 - 900 complete!
35 - 1000 complete!
35 - 1100 complete!
35 - 1200 complete!
35 - 1300 complete!
35 - 1400 complete!
35 - 1500 complete!
[35/100] -  loss_d: 0.542, loss_g: 2.636ptime:Thu Jan  1 09:26:44 1970
36 - 100 complete!
36 - 200 complete!
36 - 300 complete!
36 - 400 complete!
36 - 500 complete!
36 - 600 complete!
36 - 700 complete!
36 - 800 complete!
36 - 900 complete!
36 - 1000 complete!
36 - 1100 complete!
36 - 1200 complete!
36 - 1300 complete!
36 - 1400 complete!
36 - 1500 complete!
[36/100] -  loss_d: 0.519, loss_g: 2.619ptime:Thu Jan  1 09:26:53 1970
37 - 100 complete!
37 - 200 complete!
37 - 300 complete!
37 - 400 complete!
37 - 500 complete!
37 - 600 complete!
37 - 700 complete!
37 - 800 complete!
37 - 900 complete!
37 - 1000 complete!
37 - 1100 complete!
37 - 1200 complete!
37 - 1300 complete!
37 - 1400 complete!
37 - 1500 complete!
[37/100] -  loss_d: 0.511, loss_g: 2.494ptime:Thu Jan  1 09:24:37 1970
38 - 100 complete!
38 - 200 complete!
38 - 300 complete!
38 - 400 complete!
38 - 500 complete!
38 - 600 complete!
38 - 700 complete!
38 - 800 complete!
38 - 900 complete!
38 - 1000 complete!
38 - 1100 complete!
38 - 1200 complete!
38 - 1300 complete!
38 - 1400 complete!
38 - 1500 complete!
[38/100] -  loss_d: 0.488, loss_g: 2.649ptime:Thu Jan  1 09:24:33 1970
39 - 100 complete!
39 - 200 complete!
39 - 300 complete!
39 - 400 complete!
39 - 500 complete!
39 - 600 complete!
39 - 700 complete!
39 - 800 complete!
39 - 900 complete!
39 - 1000 complete!
39 - 1100 complete!
39 - 1200 complete!
39 - 1300 complete!
39 - 1400 complete!
39 - 1500 complete!
[39/100] -  loss_d: 0.563, loss_g: 2.590ptime:Thu Jan  1 09:24:29 1970
40 - 100 complete!
40 - 200 complete!
40 - 300 complete!
40 - 400 complete!
40 - 500 complete!
40 - 600 complete!
40 - 700 complete!
40 - 800 complete!
40 - 900 complete!
40 - 1000 complete!
40 - 1100 complete!
40 - 1200 complete!
40 - 1300 complete!
40 - 1400 complete!
40 - 1500 complete!
[40/100] -  loss_d: 0.564, loss_g: 2.593ptime:Thu Jan  1 09:25:09 1970
41 - 100 complete!
41 - 200 complete!
41 - 300 complete!
41 - 400 complete!
41 - 500 complete!
41 - 600 complete!
41 - 700 complete!
41 - 800 complete!
41 - 900 complete!
41 - 1000 complete!
41 - 1100 complete!
41 - 1200 complete!
41 - 1300 complete!
41 - 1400 complete!
41 - 1500 complete!
[41/100] -  loss_d: 0.535, loss_g: 2.528ptime:Thu Jan  1 09:25:05 1970
42 - 100 complete!
42 - 200 complete!
42 - 300 complete!
42 - 400 complete!
42 - 500 complete!
42 - 600 complete!
42 - 700 complete!
42 - 800 complete!
42 - 900 complete!
42 - 1000 complete!
42 - 1100 complete!
42 - 1200 complete!
42 - 1300 complete!
42 - 1400 complete!
42 - 1500 complete!
[42/100] -  loss_d: 0.561, loss_g: 2.576ptime:Thu Jan  1 09:24:46 1970
43 - 100 complete!
43 - 200 complete!
43 - 300 complete!
43 - 400 complete!
43 - 500 complete!
43 - 600 complete!
43 - 700 complete!
43 - 800 complete!
43 - 900 complete!
43 - 1000 complete!
43 - 1100 complete!
43 - 1200 complete!
43 - 1300 complete!
43 - 1400 complete!
43 - 1500 complete!
[43/100] -  loss_d: 0.553, loss_g: 2.608ptime:Thu Jan  1 09:24:37 1970
44 - 100 complete!
44 - 200 complete!
44 - 300 complete!
44 - 400 complete!
44 - 500 complete!
44 - 600 complete!
44 - 700 complete!
44 - 800 complete!
44 - 900 complete!
44 - 1000 complete!
44 - 1100 complete!
44 - 1200 complete!
44 - 1300 complete!
44 - 1400 complete!
44 - 1500 complete!
[44/100] -  loss_d: 0.531, loss_g: 2.604ptime:Thu Jan  1 09:24:32 1970
45 - 100 complete!
45 - 200 complete!
45 - 300 complete!
45 - 400 complete!
45 - 500 complete!
45 - 600 complete!
45 - 700 complete!
45 - 800 complete!
45 - 900 complete!
45 - 1000 complete!
45 - 1100 complete!
45 - 1200 complete!
45 - 1300 complete!
45 - 1400 complete!
45 - 1500 complete!
[45/100] -  loss_d: 0.537, loss_g: 2.533ptime:Thu Jan  1 09:24:36 1970
46 - 100 complete!
46 - 200 complete!
46 - 300 complete!
46 - 400 complete!
46 - 500 complete!
46 - 600 complete!
46 - 700 complete!
46 - 800 complete!
46 - 900 complete!
46 - 1000 complete!
46 - 1100 complete!
46 - 1200 complete!
46 - 1300 complete!
46 - 1400 complete!
46 - 1500 complete!
[46/100] -  loss_d: 0.521, loss_g: 2.609ptime:Thu Jan  1 09:24:59 1970
47 - 100 complete!
47 - 200 complete!
47 - 300 complete!
47 - 400 complete!
47 - 500 complete!
47 - 600 complete!
47 - 700 complete!
47 - 800 complete!
47 - 900 complete!
47 - 1000 complete!
47 - 1100 complete!
47 - 1200 complete!
47 - 1300 complete!
47 - 1400 complete!
47 - 1500 complete!
[47/100] -  loss_d: 0.530, loss_g: 2.608ptime:Thu Jan  1 09:24:50 1970
48 - 100 complete!
48 - 200 complete!
48 - 300 complete!
48 - 400 complete!
48 - 500 complete!
48 - 600 complete!
48 - 700 complete!
48 - 800 complete!
48 - 900 complete!
48 - 1000 complete!
48 - 1100 complete!
48 - 1200 complete!
48 - 1300 complete!
48 - 1400 complete!
48 - 1500 complete!
[48/100] -  loss_d: 0.491, loss_g: 2.698ptime:Thu Jan  1 09:25:13 1970
49 - 100 complete!
49 - 200 complete!
49 - 300 complete!
49 - 400 complete!
49 - 500 complete!
49 - 600 complete!
49 - 700 complete!
49 - 800 complete!
49 - 900 complete!
49 - 1000 complete!
49 - 1100 complete!
49 - 1200 complete!
49 - 1300 complete!
49 - 1400 complete!
49 - 1500 complete!
[49/100] -  loss_d: 0.509, loss_g: 2.540ptime:Thu Jan  1 09:24:46 1970
50 - 100 complete!
50 - 200 complete!
50 - 300 complete!
50 - 400 complete!
50 - 500 complete!
50 - 600 complete!
50 - 700 complete!
50 - 800 complete!
50 - 900 complete!
50 - 1000 complete!
50 - 1100 complete!
50 - 1200 complete!
50 - 1300 complete!
50 - 1400 complete!
50 - 1500 complete!
[50/100] -  loss_d: 0.504, loss_g: 2.634ptime:Thu Jan  1 09:24:59 1970
51 - 100 complete!
51 - 200 complete!
51 - 300 complete!
51 - 400 complete!
51 - 500 complete!
51 - 600 complete!
51 - 700 complete!
51 - 800 complete!
51 - 900 complete!
51 - 1000 complete!
51 - 1100 complete!
51 - 1200 complete!
51 - 1300 complete!
51 - 1400 complete!
51 - 1500 complete!
[51/100] -  loss_d: 0.553, loss_g: 2.558ptime:Thu Jan  1 09:25:24 1970
52 - 100 complete!
52 - 200 complete!
52 - 300 complete!
52 - 400 complete!
52 - 500 complete!
52 - 600 complete!
52 - 700 complete!
52 - 800 complete!
52 - 900 complete!
52 - 1000 complete!
52 - 1100 complete!
52 - 1200 complete!
52 - 1300 complete!
52 - 1400 complete!
52 - 1500 complete!
[52/100] -  loss_d: 0.523, loss_g: 2.596ptime:Thu Jan  1 09:28:34 1970
53 - 100 complete!
53 - 200 complete!
53 - 300 complete!
53 - 400 complete!
53 - 500 complete!
53 - 600 complete!
53 - 700 complete!
53 - 800 complete!
53 - 900 complete!
53 - 1000 complete!
53 - 1100 complete!
53 - 1200 complete!
53 - 1300 complete!
53 - 1400 complete!
53 - 1500 complete!
[53/100] -  loss_d: 0.515, loss_g: 2.647ptime:Thu Jan  1 09:29:15 1970
54 - 100 complete!
54 - 200 complete!
54 - 300 complete!
54 - 400 complete!
54 - 500 complete!
54 - 600 complete!
54 - 700 complete!
54 - 800 complete!
54 - 900 complete!
54 - 1000 complete!
54 - 1100 complete!
54 - 1200 complete!
54 - 1300 complete!
54 - 1400 complete!
54 - 1500 complete!
[54/100] -  loss_d: 0.541, loss_g: 2.588ptime:Thu Jan  1 09:27:32 1970
55 - 100 complete!
55 - 200 complete!
55 - 300 complete!
55 - 400 complete!
55 - 500 complete!
55 - 600 complete!
55 - 700 complete!
55 - 800 complete!
55 - 900 complete!
55 - 1000 complete!
55 - 1100 complete!
55 - 1200 complete!
55 - 1300 complete!
55 - 1400 complete!
55 - 1500 complete!
[55/100] -  loss_d: 0.531, loss_g: 2.646ptime:Thu Jan  1 09:26:29 1970
56 - 100 complete!
56 - 200 complete!
56 - 300 complete!
56 - 400 complete!
56 - 500 complete!
56 - 600 complete!
56 - 700 complete!
56 - 800 complete!
56 - 900 complete!
56 - 1000 complete!
56 - 1100 complete!
56 - 1200 complete!
56 - 1300 complete!
56 - 1400 complete!
56 - 1500 complete!
[56/100] -  loss_d: 0.516, loss_g: 2.502ptime:Thu Jan  1 09:26:21 1970
57 - 100 complete!
57 - 200 complete!
57 - 300 complete!
57 - 400 complete!
57 - 500 complete!
57 - 600 complete!
57 - 700 complete!
57 - 800 complete!
57 - 900 complete!
57 - 1000 complete!
57 - 1100 complete!
57 - 1200 complete!
57 - 1300 complete!
57 - 1400 complete!
57 - 1500 complete!
[57/100] -  loss_d: 0.554, loss_g: 2.543ptime:Thu Jan  1 09:26:28 1970
58 - 100 complete!
58 - 200 complete!
58 - 300 complete!
58 - 400 complete!
58 - 500 complete!
58 - 600 complete!
58 - 700 complete!
58 - 800 complete!
58 - 900 complete!
58 - 1000 complete!
58 - 1100 complete!
58 - 1200 complete!
58 - 1300 complete!
58 - 1400 complete!
58 - 1500 complete!
[58/100] -  loss_d: 0.502, loss_g: 2.630ptime:Thu Jan  1 09:26:22 1970
59 - 100 complete!
59 - 200 complete!
59 - 300 complete!
59 - 400 complete!
59 - 500 complete!
59 - 600 complete!
59 - 700 complete!
59 - 800 complete!
59 - 900 complete!
59 - 1000 complete!
59 - 1100 complete!
59 - 1200 complete!
59 - 1300 complete!
59 - 1400 complete!
59 - 1500 complete!
[59/100] -  loss_d: 0.492, loss_g: 2.698ptime:Thu Jan  1 09:26:23 1970
60 - 100 complete!
60 - 200 complete!
60 - 300 complete!
60 - 400 complete!
60 - 500 complete!
60 - 600 complete!
60 - 700 complete!
60 - 800 complete!
60 - 900 complete!
60 - 1000 complete!
60 - 1100 complete!
60 - 1200 complete!
60 - 1300 complete!
60 - 1400 complete!
60 - 1500 complete!
[60/100] -  loss_d: 0.507, loss_g: 2.686ptime:Thu Jan  1 09:26:19 1970
61 - 100 complete!
61 - 200 complete!
61 - 300 complete!
61 - 400 complete!
61 - 500 complete!
61 - 600 complete!
61 - 700 complete!
61 - 800 complete!
61 - 900 complete!
61 - 1000 complete!
61 - 1100 complete!
61 - 1200 complete!
61 - 1300 complete!
61 - 1400 complete!
61 - 1500 complete!
[61/100] -  loss_d: 0.517, loss_g: 2.555ptime:Thu Jan  1 09:26:30 1970
62 - 100 complete!
62 - 200 complete!
62 - 300 complete!
62 - 400 complete!
62 - 500 complete!
62 - 600 complete!
62 - 700 complete!
62 - 800 complete!
62 - 900 complete!
62 - 1000 complete!
62 - 1100 complete!
62 - 1200 complete!
62 - 1300 complete!
62 - 1400 complete!
62 - 1500 complete!
[62/100] -  loss_d: 0.516, loss_g: 2.624ptime:Thu Jan  1 09:26:24 1970
63 - 100 complete!
63 - 200 complete!
63 - 300 complete!
63 - 400 complete!
63 - 500 complete!
63 - 600 complete!
63 - 700 complete!
63 - 800 complete!
63 - 900 complete!
63 - 1000 complete!
63 - 1100 complete!
63 - 1200 complete!
63 - 1300 complete!
63 - 1400 complete!
63 - 1500 complete!
[63/100] -  loss_d: 0.513, loss_g: 2.704ptime:Thu Jan  1 09:26:21 1970
64 - 100 complete!
64 - 200 complete!
64 - 300 complete!
64 - 400 complete!
64 - 500 complete!
64 - 600 complete!
64 - 700 complete!
64 - 800 complete!
64 - 900 complete!
64 - 1000 complete!
64 - 1100 complete!
64 - 1200 complete!
64 - 1300 complete!
64 - 1400 complete!
64 - 1500 complete!
[64/100] -  loss_d: 0.508, loss_g: 2.609ptime:Thu Jan  1 09:26:28 1970
65 - 100 complete!
65 - 200 complete!
65 - 300 complete!
65 - 400 complete!
65 - 500 complete!
65 - 600 complete!
65 - 700 complete!
65 - 800 complete!
65 - 900 complete!
65 - 1000 complete!
65 - 1100 complete!
65 - 1200 complete!
65 - 1300 complete!
65 - 1400 complete!
65 - 1500 complete!
[65/100] -  loss_d: 0.539, loss_g: 2.535ptime:Thu Jan  1 09:26:34 1970
66 - 100 complete!
66 - 200 complete!
66 - 300 complete!
66 - 400 complete!
66 - 500 complete!
66 - 600 complete!
66 - 700 complete!
66 - 800 complete!
66 - 900 complete!
66 - 1000 complete!
66 - 1100 complete!
66 - 1200 complete!
66 - 1300 complete!
66 - 1400 complete!
66 - 1500 complete!
[66/100] -  loss_d: 0.508, loss_g: 2.681ptime:Thu Jan  1 09:26:37 1970
67 - 100 complete!
67 - 200 complete!
67 - 300 complete!
67 - 400 complete!
67 - 500 complete!
67 - 600 complete!
67 - 700 complete!
67 - 800 complete!
67 - 900 complete!
67 - 1000 complete!
67 - 1100 complete!
67 - 1200 complete!
67 - 1300 complete!
67 - 1400 complete!
67 - 1500 complete!
[67/100] -  loss_d: 0.533, loss_g: 2.606ptime:Thu Jan  1 09:25:58 1970
68 - 100 complete!
68 - 200 complete!
68 - 300 complete!
68 - 400 complete!
68 - 500 complete!
68 - 600 complete!
68 - 700 complete!
68 - 800 complete!
68 - 900 complete!
68 - 1000 complete!
68 - 1100 complete!
68 - 1200 complete!
68 - 1300 complete!
68 - 1400 complete!
68 - 1500 complete!
[68/100] -  loss_d: 0.541, loss_g: 2.682ptime:Thu Jan  1 09:25:59 1970
69 - 100 complete!
69 - 200 complete!
69 - 300 complete!
69 - 400 complete!
69 - 500 complete!
69 - 600 complete!
69 - 700 complete!
69 - 800 complete!
69 - 900 complete!
69 - 1000 complete!
69 - 1100 complete!
69 - 1200 complete!
69 - 1300 complete!
69 - 1400 complete!
69 - 1500 complete!
[69/100] -  loss_d: 0.515, loss_g: 2.525ptime:Thu Jan  1 09:25:50 1970
70 - 100 complete!
70 - 200 complete!
70 - 300 complete!
70 - 400 complete!
70 - 500 complete!
70 - 600 complete!
70 - 700 complete!
70 - 800 complete!
70 - 900 complete!
70 - 1000 complete!
70 - 1100 complete!
70 - 1200 complete!
70 - 1300 complete!
70 - 1400 complete!
70 - 1500 complete!
[70/100] -  loss_d: 0.503, loss_g: 2.598ptime:Thu Jan  1 09:25:43 1970
71 - 100 complete!
71 - 200 complete!
71 - 300 complete!
71 - 400 complete!
71 - 500 complete!
71 - 600 complete!
71 - 700 complete!
71 - 800 complete!
71 - 900 complete!
71 - 1000 complete!
71 - 1100 complete!
71 - 1200 complete!
71 - 1300 complete!
71 - 1400 complete!
71 - 1500 complete!
[71/100] -  loss_d: 0.472, loss_g: 2.762ptime:Thu Jan  1 09:28:10 1970
72 - 100 complete!
72 - 200 complete!
72 - 300 complete!
72 - 400 complete!
72 - 500 complete!
72 - 600 complete!
72 - 700 complete!
72 - 800 complete!
72 - 900 complete!
72 - 1000 complete!
72 - 1100 complete!
72 - 1200 complete!
72 - 1300 complete!
72 - 1400 complete!
72 - 1500 complete!
[72/100] -  loss_d: 0.508, loss_g: 2.655ptime:Thu Jan  1 09:25:20 1970
73 - 100 complete!
73 - 200 complete!
73 - 300 complete!
73 - 400 complete!
73 - 500 complete!
73 - 600 complete!
73 - 700 complete!
73 - 800 complete!
73 - 900 complete!
73 - 1000 complete!
73 - 1100 complete!
73 - 1200 complete!
73 - 1300 complete!
73 - 1400 complete!
73 - 1500 complete!
[73/100] -  loss_d: 0.487, loss_g: 2.759ptime:Thu Jan  1 09:24:26 1970
74 - 100 complete!
74 - 200 complete!
74 - 300 complete!
74 - 400 complete!
74 - 500 complete!
74 - 600 complete!
74 - 700 complete!
74 - 800 complete!
74 - 900 complete!
74 - 1000 complete!
74 - 1100 complete!
74 - 1200 complete!
74 - 1300 complete!
74 - 1400 complete!
74 - 1500 complete!
[74/100] -  loss_d: 0.517, loss_g: 2.593ptime:Thu Jan  1 09:24:25 1970
75 - 100 complete!
75 - 200 complete!
75 - 300 complete!
75 - 400 complete!
75 - 500 complete!
75 - 600 complete!
75 - 700 complete!
75 - 800 complete!
75 - 900 complete!
75 - 1000 complete!
75 - 1100 complete!
75 - 1200 complete!
75 - 1300 complete!
75 - 1400 complete!
75 - 1500 complete!
[75/100] -  loss_d: 0.534, loss_g: 2.569ptime:Thu Jan  1 09:24:32 1970
76 - 100 complete!
76 - 200 complete!
76 - 300 complete!
76 - 400 complete!
76 - 500 complete!
76 - 600 complete!
76 - 700 complete!
76 - 800 complete!
76 - 900 complete!
76 - 1000 complete!
76 - 1100 complete!
76 - 1200 complete!
76 - 1300 complete!
76 - 1400 complete!
76 - 1500 complete!
[76/100] -  loss_d: 0.518, loss_g: 2.633ptime:Thu Jan  1 09:24:37 1970
77 - 100 complete!
77 - 200 complete!
77 - 300 complete!
77 - 400 complete!
77 - 500 complete!
77 - 600 complete!
77 - 700 complete!
77 - 800 complete!
77 - 900 complete!
77 - 1000 complete!
77 - 1100 complete!
77 - 1200 complete!
77 - 1300 complete!
77 - 1400 complete!
77 - 1500 complete!
[77/100] -  loss_d: 0.546, loss_g: 2.561ptime:Thu Jan  1 09:24:30 1970
78 - 100 complete!
78 - 200 complete!
78 - 300 complete!
78 - 400 complete!
78 - 500 complete!
78 - 600 complete!
78 - 700 complete!
78 - 800 complete!
78 - 900 complete!
78 - 1000 complete!
78 - 1100 complete!
78 - 1200 complete!
78 - 1300 complete!
78 - 1400 complete!
78 - 1500 complete!
[78/100] -  loss_d: 0.529, loss_g: 2.636ptime:Thu Jan  1 09:24:30 1970
79 - 100 complete!
79 - 200 complete!
79 - 300 complete!
79 - 400 complete!
79 - 500 complete!
79 - 600 complete!
79 - 700 complete!
79 - 800 complete!
79 - 900 complete!
79 - 1000 complete!
79 - 1100 complete!
79 - 1200 complete!
79 - 1300 complete!
79 - 1400 complete!
79 - 1500 complete!
[79/100] -  loss_d: 0.534, loss_g: 2.600ptime:Thu Jan  1 09:24:38 1970
80 - 100 complete!
80 - 200 complete!
80 - 300 complete!
80 - 400 complete!
80 - 500 complete!
80 - 600 complete!
80 - 700 complete!
80 - 800 complete!
80 - 900 complete!
80 - 1000 complete!
80 - 1100 complete!
80 - 1200 complete!
80 - 1300 complete!
80 - 1400 complete!
80 - 1500 complete!
[80/100] -  loss_d: 0.501, loss_g: 2.577ptime:Thu Jan  1 09:24:33 1970
81 - 100 complete!
81 - 200 complete!
81 - 300 complete!
81 - 400 complete!
81 - 500 complete!
81 - 600 complete!
81 - 700 complete!
81 - 800 complete!
81 - 900 complete!
81 - 1000 complete!
81 - 1100 complete!
81 - 1200 complete!
81 - 1300 complete!
81 - 1400 complete!
81 - 1500 complete!
[81/100] -  loss_d: 0.508, loss_g: 2.574ptime:Thu Jan  1 09:24:34 1970
82 - 100 complete!
82 - 200 complete!
82 - 300 complete!
82 - 400 complete!
82 - 500 complete!
82 - 600 complete!
82 - 700 complete!
82 - 800 complete!
82 - 900 complete!
82 - 1000 complete!
82 - 1100 complete!
82 - 1200 complete!
82 - 1300 complete!
82 - 1400 complete!
82 - 1500 complete!
[82/100] -  loss_d: 0.521, loss_g: 2.622ptime:Thu Jan  1 09:24:22 1970
83 - 100 complete!
83 - 200 complete!
83 - 300 complete!
83 - 400 complete!
83 - 500 complete!
83 - 600 complete!
83 - 700 complete!
83 - 800 complete!
83 - 900 complete!
83 - 1000 complete!
83 - 1100 complete!
83 - 1200 complete!
83 - 1300 complete!
83 - 1400 complete!
83 - 1500 complete!
[83/100] -  loss_d: 0.535, loss_g: 2.625ptime:Thu Jan  1 09:24:26 1970
84 - 100 complete!
84 - 200 complete!
84 - 300 complete!
84 - 400 complete!
84 - 500 complete!
84 - 600 complete!
84 - 700 complete!
84 - 800 complete!
84 - 900 complete!
84 - 1000 complete!
84 - 1100 complete!
84 - 1200 complete!
84 - 1300 complete!
84 - 1400 complete!
84 - 1500 complete!
[84/100] -  loss_d: 0.508, loss_g: 2.630ptime:Thu Jan  1 09:24:21 1970
85 - 100 complete!
85 - 200 complete!
85 - 300 complete!
85 - 400 complete!
85 - 500 complete!
85 - 600 complete!
85 - 700 complete!
85 - 800 complete!
85 - 900 complete!
85 - 1000 complete!
85 - 1100 complete!
85 - 1200 complete!
85 - 1300 complete!
85 - 1400 complete!
85 - 1500 complete!
[85/100] -  loss_d: 0.505, loss_g: 2.641ptime:Thu Jan  1 09:24:19 1970
86 - 100 complete!
86 - 200 complete!
86 - 300 complete!
86 - 400 complete!
86 - 500 complete!
86 - 600 complete!
86 - 700 complete!
86 - 800 complete!
86 - 900 complete!
86 - 1000 complete!
86 - 1100 complete!
86 - 1200 complete!
86 - 1300 complete!
86 - 1400 complete!
86 - 1500 complete!
[86/100] -  loss_d: 0.537, loss_g: 2.583ptime:Thu Jan  1 09:24:22 1970
87 - 100 complete!
87 - 200 complete!
87 - 300 complete!
87 - 400 complete!
87 - 500 complete!
87 - 600 complete!
87 - 700 complete!
87 - 800 complete!
87 - 900 complete!
87 - 1000 complete!
87 - 1100 complete!
87 - 1200 complete!
87 - 1300 complete!
87 - 1400 complete!
87 - 1500 complete!
[87/100] -  loss_d: 0.509, loss_g: 2.612ptime:Thu Jan  1 09:24:23 1970
88 - 100 complete!
88 - 200 complete!
88 - 300 complete!
88 - 400 complete!
88 - 500 complete!
88 - 600 complete!
88 - 700 complete!
88 - 800 complete!
88 - 900 complete!
88 - 1000 complete!
88 - 1100 complete!
88 - 1200 complete!
88 - 1300 complete!
88 - 1400 complete!
88 - 1500 complete!
[88/100] -  loss_d: 0.513, loss_g: 2.527ptime:Thu Jan  1 09:25:39 1970
89 - 100 complete!
89 - 200 complete!
89 - 300 complete!
89 - 400 complete!
89 - 500 complete!
89 - 600 complete!
89 - 700 complete!
89 - 800 complete!
89 - 900 complete!
89 - 1000 complete!
89 - 1100 complete!
89 - 1200 complete!
89 - 1300 complete!
89 - 1400 complete!
89 - 1500 complete!
[89/100] -  loss_d: 0.507, loss_g: 2.604ptime:Thu Jan  1 09:26:43 1970
90 - 100 complete!
90 - 200 complete!
90 - 300 complete!
90 - 400 complete!
90 - 500 complete!
90 - 600 complete!
90 - 700 complete!
90 - 800 complete!
90 - 900 complete!
90 - 1000 complete!
90 - 1100 complete!
90 - 1200 complete!
90 - 1300 complete!
90 - 1400 complete!
90 - 1500 complete!
[90/100] -  loss_d: 0.506, loss_g: 2.661ptime:Thu Jan  1 09:24:28 1970
91 - 100 complete!
91 - 200 complete!
91 - 300 complete!
91 - 400 complete!
91 - 500 complete!
91 - 600 complete!
91 - 700 complete!
91 - 800 complete!
91 - 900 complete!
91 - 1000 complete!
91 - 1100 complete!
91 - 1200 complete!
91 - 1300 complete!
91 - 1400 complete!
91 - 1500 complete!
[91/100] -  loss_d: 0.493, loss_g: 2.703ptime:Thu Jan  1 09:24:15 1970
92 - 100 complete!
92 - 200 complete!
92 - 300 complete!
92 - 400 complete!
92 - 500 complete!
92 - 600 complete!
92 - 700 complete!
92 - 800 complete!
92 - 900 complete!
92 - 1000 complete!
92 - 1100 complete!
92 - 1200 complete!
92 - 1300 complete!
92 - 1400 complete!
92 - 1500 complete!
[92/100] -  loss_d: 0.543, loss_g: 2.541ptime:Thu Jan  1 09:24:26 1970
93 - 100 complete!
93 - 200 complete!
93 - 300 complete!
93 - 400 complete!
93 - 500 complete!
93 - 600 complete!
93 - 700 complete!
93 - 800 complete!
93 - 900 complete!
93 - 1000 complete!
93 - 1100 complete!
93 - 1200 complete!
93 - 1300 complete!
93 - 1400 complete!
93 - 1500 complete!
[93/100] -  loss_d: 0.517, loss_g: 2.630ptime:Thu Jan  1 09:24:12 1970
94 - 100 complete!
94 - 200 complete!
94 - 300 complete!
94 - 400 complete!
94 - 500 complete!
94 - 600 complete!
94 - 700 complete!
94 - 800 complete!
94 - 900 complete!
94 - 1000 complete!
94 - 1100 complete!
94 - 1200 complete!
94 - 1300 complete!
94 - 1400 complete!
94 - 1500 complete!
[94/100] -  loss_d: 0.544, loss_g: 2.651ptime:Thu Jan  1 09:24:12 1970
95 - 100 complete!
95 - 200 complete!
95 - 300 complete!
95 - 400 complete!
95 - 500 complete!
95 - 600 complete!
95 - 700 complete!
95 - 800 complete!
95 - 900 complete!
95 - 1000 complete!
95 - 1100 complete!
95 - 1200 complete!
95 - 1300 complete!
95 - 1400 complete!
95 - 1500 complete!
[95/100] -  loss_d: 0.527, loss_g: 2.615ptime:Thu Jan  1 09:24:12 1970
96 - 100 complete!
96 - 200 complete!
96 - 300 complete!
96 - 400 complete!
96 - 500 complete!
96 - 600 complete!
96 - 700 complete!
96 - 800 complete!
96 - 900 complete!
96 - 1000 complete!
96 - 1100 complete!
96 - 1200 complete!
96 - 1300 complete!
96 - 1400 complete!
96 - 1500 complete!
[96/100] -  loss_d: 0.512, loss_g: 2.633ptime:Thu Jan  1 09:24:10 1970
97 - 100 complete!
97 - 200 complete!
97 - 300 complete!
97 - 400 complete!
97 - 500 complete!
97 - 600 complete!
97 - 700 complete!
97 - 800 complete!
97 - 900 complete!
97 - 1000 complete!
97 - 1100 complete!
97 - 1200 complete!
97 - 1300 complete!
97 - 1400 complete!
97 - 1500 complete!
[97/100] -  loss_d: 0.508, loss_g: 2.509ptime:Thu Jan  1 09:24:20 1970
98 - 100 complete!
98 - 200 complete!
98 - 300 complete!
98 - 400 complete!
98 - 500 complete!
98 - 600 complete!
98 - 700 complete!
98 - 800 complete!
98 - 900 complete!
98 - 1000 complete!
98 - 1100 complete!
98 - 1200 complete!
98 - 1300 complete!
98 - 1400 complete!
98 - 1500 complete!
[98/100] -  loss_d: 0.508, loss_g: 2.606ptime:Thu Jan  1 09:24:41 1970
99 - 100 complete!
99 - 200 complete!
99 - 300 complete!
99 - 400 complete!
99 - 500 complete!
99 - 600 complete!
99 - 700 complete!
99 - 800 complete!
99 - 900 complete!
99 - 1000 complete!
99 - 1100 complete!
99 - 1200 complete!
99 - 1300 complete!
99 - 1400 complete!
99 - 1500 complete!
[99/100] -  loss_d: 0.483, loss_g: 2.657ptime:Thu Jan  1 09:24:27 1970
100 - 100 complete!
100 - 200 complete!
100 - 300 complete!
100 - 400 complete!
100 - 500 complete!
100 - 600 complete!
100 - 700 complete!
100 - 800 complete!
100 - 900 complete!
100 - 1000 complete!
100 - 1100 complete!
100 - 1200 complete!
100 - 1300 complete!
100 - 1400 complete!
100 - 1500 complete!
[100/100] -  loss_d: 0.502, loss_g: 2.626ptime:Thu Jan  1 09:24:35 1970
Traceback (most recent call last):
  File "c_dcgan_celeba.py", line 412, in <module>
    print("Avg one epoch ptime: %.2f, total %d epochs ptime: %.2f" % (torch.mean(torch.FloatTensor(train_hist['per_epoch_ptimes'])), train_epoch, total_ptime))
ValueError: too many dimensions 'str'
